>>> Starting ablation for layer 11
CHECKPOINT: 
GPUS: 1
[test] total_params: 14.607260128B
[ZeroAblation] Zeroed attention + MLP weights for layer 11
=========== Perception ===========
total score: 1677.2783113245298 

	 existence  score: 200.0
	 count  score: 173.33333333333334
	 position  score: 183.33333333333331
	 color  score: 200.0
	 posters  score: 167.34693877551018
	 celebrity  score: 126.76470588235296
	 scene  score: 152.25
	 landmark  score: 169.75
	 artwork  score: 134.5
	 OCR  score: 170.0


=========== Cognition ===========
total score: 612.1428571428571 

	 commonsense_reasoning  score: 147.14285714285714
	 numerical_calculation  score: 147.5
	 text_translation  score: 147.5
	 code_reasoning  score: 170.0


write results to file /lustre06/project/6067888/thwang4/bagel/BAGEL/zero_ablation_11/mme/results.txt
